2025-10-23 23:48:29 INFO  [background-preinit] o.h.validator.internal.util.Version - HV000001: Hibernate Validator 8.0.2.Final
2025-10-23 23:48:29 INFO  [main] dev.vortsu.VortsuApplication - Starting VortsuApplication using Java 21.0.8 with PID 19844 (C:\PROJECTS\java\javaServer\vortsu\build\classes\java\main started by DORIXID in C:\PROJECTS\java\javaServer)
2025-10-23 23:48:29 INFO  [main] dev.vortsu.VortsuApplication - No active profile set, falling back to 1 default profile: "default"
2025-10-23 23:48:30 INFO  [main] o.s.d.r.c.RepositoryConfigurationDelegate - Bootstrapping Spring Data JPA repositories in DEFAULT mode.
2025-10-23 23:48:30 INFO  [main] o.s.d.r.c.RepositoryConfigurationDelegate - Finished Spring Data repository scanning in 37 ms. Found 2 JPA repository interfaces.
2025-10-23 23:48:30 INFO  [main] o.s.b.w.e.tomcat.TomcatWebServer - Tomcat initialized with port 8080 (http)
2025-10-23 23:48:30 INFO  [main] o.a.coyote.http11.Http11NioProtocol - Initializing ProtocolHandler ["http-nio-8080"]
2025-10-23 23:48:30 INFO  [main] o.a.catalina.core.StandardService - Starting service [Tomcat]
2025-10-23 23:48:30 INFO  [main] o.a.catalina.core.StandardEngine - Starting Servlet engine: [Apache Tomcat/10.1.42]
2025-10-23 23:48:30 INFO  [main] o.a.c.c.C.[Tomcat].[localhost].[/] - Initializing Spring embedded WebApplicationContext
2025-10-23 23:48:30 INFO  [main] o.s.b.w.s.c.ServletWebServerApplicationContext - Root WebApplicationContext: initialization completed in 1140 ms
2025-10-23 23:48:31 INFO  [main] o.h.jpa.internal.util.LogHelper - HHH000204: Processing PersistenceUnitInfo [name: default]
2025-10-23 23:48:31 INFO  [main] org.hibernate.Version - HHH000412: Hibernate ORM core version 6.6.18.Final
2025-10-23 23:48:31 INFO  [main] o.h.c.i.RegionFactoryInitiator - HHH000026: Second-level cache disabled
2025-10-23 23:48:31 INFO  [main] o.s.o.j.p.SpringPersistenceUnitInfo - No LoadTimeWeaver setup: ignoring JPA class transformer
2025-10-23 23:48:31 INFO  [main] com.zaxxer.hikari.HikariDataSource - HikariPool-1 - Starting...
2025-10-23 23:48:31 INFO  [main] com.zaxxer.hikari.pool.HikariPool - HikariPool-1 - Added connection org.postgresql.jdbc.PgConnection@12f8682a
2025-10-23 23:48:31 INFO  [main] com.zaxxer.hikari.HikariDataSource - HikariPool-1 - Start completed.
2025-10-23 23:48:31 INFO  [main] o.hibernate.orm.connections.pooling - HHH10001005: Database info:
	Database JDBC URL [Connecting through datasource 'HikariDataSource (HikariPool-1)']
	Database driver: undefined/unknown
	Database version: 15.13
	Autocommit mode: undefined/unknown
	Isolation level: undefined/unknown
	Minimum pool size: undefined/unknown
	Maximum pool size: undefined/unknown
2025-10-23 23:48:32 INFO  [main] o.h.e.t.j.p.i.JtaPlatformInitiator - HHH000489: No JTA platform available (set 'hibernate.transaction.jta.platform' to enable JTA platform integration)
2025-10-23 23:48:32 DEBUG [main] org.hibernate.SQL - set client_min_messages = WARNING
2025-10-23 23:48:32 DEBUG [main] org.hibernate.SQL - alter table if exists students drop constraint if exists FKdt1cjx5ve5bdabmuuf3ibrwaq
2025-10-23 23:48:32 DEBUG [main] org.hibernate.SQL - alter table if exists users drop constraint if exists FK8b9ebmptosmrxe2jbgytxbav6
2025-10-23 23:48:32 DEBUG [main] org.hibernate.SQL - drop table if exists passwords cascade
2025-10-23 23:48:32 DEBUG [main] org.hibernate.SQL - drop table if exists students cascade
2025-10-23 23:48:32 DEBUG [main] org.hibernate.SQL - drop table if exists users cascade
2025-10-23 23:48:32 DEBUG [main] org.hibernate.SQL - drop sequence if exists passwords_seq
2025-10-23 23:48:32 DEBUG [main] org.hibernate.SQL - drop sequence if exists students_seq
2025-10-23 23:48:32 DEBUG [main] org.hibernate.SQL - drop sequence if exists users_seq
2025-10-23 23:48:32 DEBUG [main] org.hibernate.SQL - create sequence passwords_seq start with 1 increment by 50
2025-10-23 23:48:32 DEBUG [main] org.hibernate.SQL - create sequence students_seq start with 1 increment by 50
2025-10-23 23:48:32 DEBUG [main] org.hibernate.SQL - create sequence users_seq start with 1 increment by 50
2025-10-23 23:48:32 DEBUG [main] org.hibernate.SQL - create table passwords (id bigint not null, password varchar(255), primary key (id))
2025-10-23 23:48:32 DEBUG [main] org.hibernate.SQL - create table students (age integer, id bigint not null, user_id bigint not null unique, name varchar(255), surname varchar(255), primary key (id))
2025-10-23 23:48:32 DEBUG [main] org.hibernate.SQL - create table users (enabled boolean not null, id bigint not null, password_id bigint not null unique, role varchar(255) check (role in ('STUDENT','ADMIN','TEACHER')), user_name varchar(255) not null unique, primary key (id))
2025-10-23 23:48:32 DEBUG [main] org.hibernate.SQL - alter table if exists students add constraint FKdt1cjx5ve5bdabmuuf3ibrwaq foreign key (user_id) references users
2025-10-23 23:48:32 DEBUG [main] org.hibernate.SQL - alter table if exists users add constraint FK8b9ebmptosmrxe2jbgytxbav6 foreign key (password_id) references passwords
2025-10-23 23:48:32 INFO  [main] o.s.o.j.LocalContainerEntityManagerFactoryBean - Initialized JPA EntityManagerFactory for persistence unit 'default'
2025-10-23 23:48:32 INFO  [main] o.s.d.j.r.query.QueryEnhancerFactory - Hibernate is in classpath; If applicable, HQL parser will be used.
2025-10-23 23:48:33 WARN  [main] o.s.b.a.o.j.JpaBaseConfiguration$JpaWebConfiguration - spring.jpa.open-in-view is enabled by default. Therefore, database queries may be performed during view rendering. Explicitly configure spring.jpa.open-in-view to disable this warning
2025-10-23 23:48:33 WARN  [main] o.s.s.c.a.a.c.InitializeUserDetailsBeanManagerConfigurer$InitializeUserDetailsManagerConfigurer - Found 2 UserDetailsService beans, with names [jwtUserDetailsService, userDetailsService]. Global Authentication Manager will not use a UserDetailsService for username/password login. Consider publishing a single UserDetailsService bean.
2025-10-23 23:48:33 WARN  [main] o.s.b.w.s.c.AnnotationConfigServletWebServerApplicationContext - Exception encountered during context initialization - cancelling refresh attempt: org.springframework.beans.factory.UnsatisfiedDependencyException: Error creating bean with name 'org.springframework.security.config.annotation.web.configuration.WebSecurityConfiguration': Unsatisfied dependency expressed through method 'setFilterChains' parameter 0: Error creating bean with name 'filterChain' defined in class path resource [dev/vortsu/configuration/SecurityConfig.class]: Failed to instantiate [org.springframework.security.web.SecurityFilterChain]: Factory method 'filterChain' threw exception with message: This object has already been built
Related cause: org.springframework.beans.factory.BeanCreationException: Error creating bean with name 'jsonSchemaConverter' defined in class path resource [org/springframework/data/rest/webmvc/config/RepositoryRestMvcConfiguration.class]: Failed to instantiate [org.springframework.data.rest.webmvc.json.PersistentEntityToJsonSchemaConverter]: Factory method 'jsonSchemaConverter' threw exception with message: Error creating bean with name 'linkCollector' defined in class path resource [org/springframework/data/rest/webmvc/config/RepositoryRestMvcConfiguration.class]: Unsatisfied dependency expressed through method 'linkCollector' parameter 1: Error creating bean with name 'selfLinkProvider' defined in class path resource [org/springframework/data/rest/webmvc/config/RepositoryRestMvcConfiguration.class]: Failed to instantiate [org.springframework.data.rest.core.support.SelfLinkProvider]: Factory method 'selfLinkProvider' threw exception with message: Error creating bean with name 'mvcConversionService': Requested bean is currently in creation: Is there an unresolvable circular reference or an asynchronous initialization dependency?
2025-10-23 23:48:33 INFO  [main] o.s.o.j.LocalContainerEntityManagerFactoryBean - Closing JPA EntityManagerFactory for persistence unit 'default'
2025-10-23 23:48:33 INFO  [main] com.zaxxer.hikari.HikariDataSource - HikariPool-1 - Shutdown initiated...
2025-10-23 23:48:33 INFO  [main] com.zaxxer.hikari.HikariDataSource - HikariPool-1 - Shutdown completed.
2025-10-23 23:48:33 INFO  [main] o.a.catalina.core.StandardService - Stopping service [Tomcat]
2025-10-23 23:48:33 INFO  [main] o.s.b.a.l.ConditionEvaluationReportLogger - 

Error starting ApplicationContext. To display the condition evaluation report re-run your application with 'debug' enabled.
2025-10-23 23:48:33 ERROR [main] o.s.boot.SpringApplication - Application run failed
org.springframework.beans.factory.UnsatisfiedDependencyException: Error creating bean with name 'org.springframework.security.config.annotation.web.configuration.WebSecurityConfiguration': Unsatisfied dependency expressed through method 'setFilterChains' parameter 0: Error creating bean with name 'filterChain' defined in class path resource [dev/vortsu/configuration/SecurityConfig.class]: Failed to instantiate [org.springframework.security.web.SecurityFilterChain]: Factory method 'filterChain' threw exception with message: This object has already been built
	at org.springframework.beans.factory.annotation.AutowiredAnnotationBeanPostProcessor$AutowiredMethodElement.resolveMethodArguments(AutowiredAnnotationBeanPostProcessor.java:896)
	at org.springframework.beans.factory.annotation.AutowiredAnnotationBeanPostProcessor$AutowiredMethodElement.inject(AutowiredAnnotationBeanPostProcessor.java:849)
	at org.springframework.beans.factory.annotation.InjectionMetadata.inject(InjectionMetadata.java:146)
	at org.springframework.beans.factory.annotation.AutowiredAnnotationBeanPostProcessor.postProcessProperties(AutowiredAnnotationBeanPostProcessor.java:509)
	at org.springframework.beans.factory.support.AbstractAutowireCapableBeanFactory.populateBean(AbstractAutowireCapableBeanFactory.java:1459)
	at org.springframework.beans.factory.support.AbstractAutowireCapableBeanFactory.doCreateBean(AbstractAutowireCapableBeanFactory.java:606)
	at org.springframework.beans.factory.support.AbstractAutowireCapableBeanFactory.createBean(AbstractAutowireCapableBeanFactory.java:529)
	at org.springframework.beans.factory.support.AbstractBeanFactory.lambda$doGetBean$0(AbstractBeanFactory.java:339)
	at org.springframework.beans.factory.support.DefaultSingletonBeanRegistry.getSingleton(DefaultSingletonBeanRegistry.java:373)
	at org.springframework.beans.factory.support.AbstractBeanFactory.doGetBean(AbstractBeanFactory.java:337)
	at org.springframework.beans.factory.support.AbstractBeanFactory.getBean(AbstractBeanFactory.java:202)
	at org.springframework.beans.factory.support.DefaultListableBeanFactory.instantiateSingleton(DefaultListableBeanFactory.java:1222)
	at org.springframework.beans.factory.support.DefaultListableBeanFactory.preInstantiateSingleton(DefaultListableBeanFactory.java:1188)
	at org.springframework.beans.factory.support.DefaultListableBeanFactory.preInstantiateSingletons(DefaultListableBeanFactory.java:1123)
	at org.springframework.context.support.AbstractApplicationContext.finishBeanFactoryInitialization(AbstractApplicationContext.java:987)
	at org.springframework.context.support.AbstractApplicationContext.refresh(AbstractApplicationContext.java:627)
	at org.springframework.boot.web.servlet.context.ServletWebServerApplicationContext.refresh(ServletWebServerApplicationContext.java:146)
	at org.springframework.boot.SpringApplication.refresh(SpringApplication.java:752)
	at org.springframework.boot.SpringApplication.refreshContext(SpringApplication.java:439)
	at org.springframework.boot.SpringApplication.run(SpringApplication.java:318)
	at org.springframework.boot.SpringApplication.run(SpringApplication.java:1361)
	at org.springframework.boot.SpringApplication.run(SpringApplication.java:1350)
	at dev.vortsu.VortsuApplication.main(VortsuApplication.java:11)
Caused by: org.springframework.beans.factory.BeanCreationException: Error creating bean with name 'filterChain' defined in class path resource [dev/vortsu/configuration/SecurityConfig.class]: Failed to instantiate [org.springframework.security.web.SecurityFilterChain]: Factory method 'filterChain' threw exception with message: This object has already been built
	at org.springframework.beans.factory.support.ConstructorResolver.instantiate(ConstructorResolver.java:657)
	at org.springframework.beans.factory.support.ConstructorResolver.instantiateUsingFactoryMethod(ConstructorResolver.java:645)
	at org.springframework.beans.factory.support.AbstractAutowireCapableBeanFactory.instantiateUsingFactoryMethod(AbstractAutowireCapableBeanFactory.java:1375)
	at org.springframework.beans.factory.support.AbstractAutowireCapableBeanFactory.createBeanInstance(AbstractAutowireCapableBeanFactory.java:1205)
	at org.springframework.beans.factory.support.AbstractAutowireCapableBeanFactory.doCreateBean(AbstractAutowireCapableBeanFactory.java:569)
	at org.springframework.beans.factory.support.AbstractAutowireCapableBeanFactory.createBean(AbstractAutowireCapableBeanFactory.java:529)
	at org.springframework.beans.factory.support.AbstractBeanFactory.lambda$doGetBean$0(AbstractBeanFactory.java:339)
	at org.springframework.beans.factory.support.DefaultSingletonBeanRegistry.getSingleton(DefaultSingletonBeanRegistry.java:373)
	at org.springframework.beans.factory.support.AbstractBeanFactory.doGetBean(AbstractBeanFactory.java:337)
	at org.springframework.beans.factory.support.AbstractBeanFactory.getBean(AbstractBeanFactory.java:202)
	at org.springframework.beans.factory.config.DependencyDescriptor.resolveCandidate(DependencyDescriptor.java:254)
	at org.springframework.beans.factory.support.DefaultListableBeanFactory.addCandidateEntry(DefaultListableBeanFactory.java:1996)
	at org.springframework.beans.factory.support.DefaultListableBeanFactory.findAutowireCandidates(DefaultListableBeanFactory.java:1960)
	at org.springframework.beans.factory.support.DefaultListableBeanFactory.resolveMultipleBeanCollection(DefaultListableBeanFactory.java:1850)
	at org.springframework.beans.factory.support.DefaultListableBeanFactory.resolveMultipleBeans(DefaultListableBeanFactory.java:1818)
	at org.springframework.beans.factory.support.DefaultListableBeanFactory.doResolveDependency(DefaultListableBeanFactory.java:1694)
	at org.springframework.beans.factory.support.DefaultListableBeanFactory.resolveDependency(DefaultListableBeanFactory.java:1628)
	at org.springframework.beans.factory.annotation.AutowiredAnnotationBeanPostProcessor$AutowiredMethodElement.resolveMethodArguments(AutowiredAnnotationBeanPostProcessor.java:888)
	... 22 common frames omitted
Caused by: org.springframework.beans.BeanInstantiationException: Failed to instantiate [org.springframework.security.web.SecurityFilterChain]: Factory method 'filterChain' threw exception with message: This object has already been built
	at org.springframework.beans.factory.support.SimpleInstantiationStrategy.lambda$instantiate$0(SimpleInstantiationStrategy.java:199)
	at org.springframework.beans.factory.support.SimpleInstantiationStrategy.instantiateWithFactoryMethod(SimpleInstantiationStrategy.java:88)
	at org.springframework.beans.factory.support.SimpleInstantiationStrategy.instantiate(SimpleInstantiationStrategy.java:168)
	at org.springframework.beans.factory.support.ConstructorResolver.instantiate(ConstructorResolver.java:653)
	... 39 common frames omitted
Caused by: org.springframework.security.config.annotation.AlreadyBuiltException: This object has already been built
	at org.springframework.security.config.annotation.AbstractSecurityBuilder.build(AbstractSecurityBuilder.java:41)
	at dev.vortsu.configuration.SecurityConfig.filterChain(SecurityConfig.java:49)
	at dev.vortsu.configuration.SecurityConfig$$SpringCGLIB$$0.CGLIB$filterChain$2(<generated>)
	at dev.vortsu.configuration.SecurityConfig$$SpringCGLIB$$FastClass$$1.invoke(<generated>)
	at org.springframework.cglib.proxy.MethodProxy.invokeSuper(MethodProxy.java:258)
	at org.springframework.context.annotation.ConfigurationClassEnhancer$BeanMethodInterceptor.intercept(ConfigurationClassEnhancer.java:400)
	at dev.vortsu.configuration.SecurityConfig$$SpringCGLIB$$0.filterChain(<generated>)
	at java.base/jdk.internal.reflect.DirectMethodHandleAccessor.invoke(DirectMethodHandleAccessor.java:103)
	at java.base/java.lang.reflect.Method.invoke(Method.java:580)
	at org.springframework.beans.factory.support.SimpleInstantiationStrategy.lambda$instantiate$0(SimpleInstantiationStrategy.java:171)
	... 42 common frames omitted
2025-10-23 23:50:36 INFO  [background-preinit] o.h.validator.internal.util.Version - HV000001: Hibernate Validator 8.0.2.Final
2025-10-23 23:50:36 INFO  [main] dev.vortsu.VortsuApplication - Starting VortsuApplication using Java 21.0.8 with PID 12592 (C:\PROJECTS\java\javaServer\vortsu\build\classes\java\main started by DORIXID in C:\PROJECTS\java\javaServer)
2025-10-23 23:50:36 INFO  [main] dev.vortsu.VortsuApplication - No active profile set, falling back to 1 default profile: "default"
2025-10-23 23:50:36 INFO  [main] o.s.d.r.c.RepositoryConfigurationDelegate - Bootstrapping Spring Data JPA repositories in DEFAULT mode.
2025-10-23 23:50:36 INFO  [main] o.s.d.r.c.RepositoryConfigurationDelegate - Finished Spring Data repository scanning in 36 ms. Found 2 JPA repository interfaces.
2025-10-23 23:50:37 INFO  [main] o.s.b.w.e.tomcat.TomcatWebServer - Tomcat initialized with port 8080 (http)
2025-10-23 23:50:37 INFO  [main] o.a.coyote.http11.Http11NioProtocol - Initializing ProtocolHandler ["http-nio-8080"]
2025-10-23 23:50:37 INFO  [main] o.a.catalina.core.StandardService - Starting service [Tomcat]
2025-10-23 23:50:37 INFO  [main] o.a.catalina.core.StandardEngine - Starting Servlet engine: [Apache Tomcat/10.1.42]
2025-10-23 23:50:37 INFO  [main] o.a.c.c.C.[Tomcat].[localhost].[/] - Initializing Spring embedded WebApplicationContext
2025-10-23 23:50:37 INFO  [main] o.s.b.w.s.c.ServletWebServerApplicationContext - Root WebApplicationContext: initialization completed in 912 ms
2025-10-23 23:50:37 INFO  [main] o.h.jpa.internal.util.LogHelper - HHH000204: Processing PersistenceUnitInfo [name: default]
2025-10-23 23:50:37 INFO  [main] org.hibernate.Version - HHH000412: Hibernate ORM core version 6.6.18.Final
2025-10-23 23:50:37 INFO  [main] o.h.c.i.RegionFactoryInitiator - HHH000026: Second-level cache disabled
2025-10-23 23:50:37 INFO  [main] o.s.o.j.p.SpringPersistenceUnitInfo - No LoadTimeWeaver setup: ignoring JPA class transformer
2025-10-23 23:50:37 INFO  [main] com.zaxxer.hikari.HikariDataSource - HikariPool-1 - Starting...
2025-10-23 23:50:37 INFO  [main] com.zaxxer.hikari.pool.HikariPool - HikariPool-1 - Added connection org.postgresql.jdbc.PgConnection@8debe42
2025-10-23 23:50:37 INFO  [main] com.zaxxer.hikari.HikariDataSource - HikariPool-1 - Start completed.
2025-10-23 23:50:37 INFO  [main] o.hibernate.orm.connections.pooling - HHH10001005: Database info:
	Database JDBC URL [Connecting through datasource 'HikariDataSource (HikariPool-1)']
	Database driver: undefined/unknown
	Database version: 15.13
	Autocommit mode: undefined/unknown
	Isolation level: undefined/unknown
	Minimum pool size: undefined/unknown
	Maximum pool size: undefined/unknown
2025-10-23 23:50:38 INFO  [main] o.h.e.t.j.p.i.JtaPlatformInitiator - HHH000489: No JTA platform available (set 'hibernate.transaction.jta.platform' to enable JTA platform integration)
2025-10-23 23:50:38 DEBUG [main] org.hibernate.SQL - set client_min_messages = WARNING
2025-10-23 23:50:38 DEBUG [main] org.hibernate.SQL - alter table if exists students drop constraint if exists FKdt1cjx5ve5bdabmuuf3ibrwaq
2025-10-23 23:50:38 DEBUG [main] org.hibernate.SQL - alter table if exists users drop constraint if exists FK8b9ebmptosmrxe2jbgytxbav6
2025-10-23 23:50:38 DEBUG [main] org.hibernate.SQL - drop table if exists passwords cascade
2025-10-23 23:50:38 DEBUG [main] org.hibernate.SQL - drop table if exists students cascade
2025-10-23 23:50:38 DEBUG [main] org.hibernate.SQL - drop table if exists users cascade
2025-10-23 23:50:38 DEBUG [main] org.hibernate.SQL - drop sequence if exists passwords_seq
2025-10-23 23:50:38 DEBUG [main] org.hibernate.SQL - drop sequence if exists students_seq
2025-10-23 23:50:38 DEBUG [main] org.hibernate.SQL - drop sequence if exists users_seq
2025-10-23 23:50:38 DEBUG [main] org.hibernate.SQL - create sequence passwords_seq start with 1 increment by 50
2025-10-23 23:50:38 DEBUG [main] org.hibernate.SQL - create sequence students_seq start with 1 increment by 50
2025-10-23 23:50:38 DEBUG [main] org.hibernate.SQL - create sequence users_seq start with 1 increment by 50
2025-10-23 23:50:38 DEBUG [main] org.hibernate.SQL - create table passwords (id bigint not null, password varchar(255), primary key (id))
2025-10-23 23:50:38 DEBUG [main] org.hibernate.SQL - create table students (age integer, id bigint not null, user_id bigint not null unique, name varchar(255), surname varchar(255), primary key (id))
2025-10-23 23:50:38 DEBUG [main] org.hibernate.SQL - create table users (enabled boolean not null, id bigint not null, password_id bigint not null unique, role varchar(255) check (role in ('STUDENT','ADMIN','TEACHER')), user_name varchar(255) not null unique, primary key (id))
2025-10-23 23:50:38 DEBUG [main] org.hibernate.SQL - alter table if exists students add constraint FKdt1cjx5ve5bdabmuuf3ibrwaq foreign key (user_id) references users
2025-10-23 23:50:38 DEBUG [main] org.hibernate.SQL - alter table if exists users add constraint FK8b9ebmptosmrxe2jbgytxbav6 foreign key (password_id) references passwords
2025-10-23 23:50:38 INFO  [main] o.s.o.j.LocalContainerEntityManagerFactoryBean - Initialized JPA EntityManagerFactory for persistence unit 'default'
2025-10-23 23:50:38 INFO  [main] o.s.d.j.r.query.QueryEnhancerFactory - Hibernate is in classpath; If applicable, HQL parser will be used.
2025-10-23 23:50:39 WARN  [main] o.s.b.a.o.j.JpaBaseConfiguration$JpaWebConfiguration - spring.jpa.open-in-view is enabled by default. Therefore, database queries may be performed during view rendering. Explicitly configure spring.jpa.open-in-view to disable this warning
2025-10-23 23:50:39 WARN  [main] o.s.s.c.a.a.c.InitializeUserDetailsBeanManagerConfigurer$InitializeUserDetailsManagerConfigurer - Found 2 UserDetailsService beans, with names [jwtUserDetailsService, userDetailsService]. Global Authentication Manager will not use a UserDetailsService for username/password login. Consider publishing a single UserDetailsService bean.
2025-10-23 23:50:39 WARN  [main] o.s.b.w.s.c.AnnotationConfigServletWebServerApplicationContext - Exception encountered during context initialization - cancelling refresh attempt: org.springframework.beans.factory.UnsatisfiedDependencyException: Error creating bean with name 'org.springframework.security.config.annotation.web.configuration.WebSecurityConfiguration': Unsatisfied dependency expressed through method 'setFilterChains' parameter 0: Error creating bean with name 'filterChain' defined in class path resource [dev/vortsu/configuration/SecurityConfig.class]: Failed to instantiate [org.springframework.security.web.SecurityFilterChain]: Factory method 'filterChain' threw exception with message: This object has already been built
Related cause: org.springframework.beans.factory.BeanCreationException: Error creating bean with name 'jsonSchemaConverter' defined in class path resource [org/springframework/data/rest/webmvc/config/RepositoryRestMvcConfiguration.class]: Failed to instantiate [org.springframework.data.rest.webmvc.json.PersistentEntityToJsonSchemaConverter]: Factory method 'jsonSchemaConverter' threw exception with message: Error creating bean with name 'linkCollector' defined in class path resource [org/springframework/data/rest/webmvc/config/RepositoryRestMvcConfiguration.class]: Unsatisfied dependency expressed through method 'linkCollector' parameter 1: Error creating bean with name 'selfLinkProvider' defined in class path resource [org/springframework/data/rest/webmvc/config/RepositoryRestMvcConfiguration.class]: Failed to instantiate [org.springframework.data.rest.core.support.SelfLinkProvider]: Factory method 'selfLinkProvider' threw exception with message: Error creating bean with name 'mvcConversionService': Requested bean is currently in creation: Is there an unresolvable circular reference or an asynchronous initialization dependency?
2025-10-23 23:50:39 INFO  [main] o.s.o.j.LocalContainerEntityManagerFactoryBean - Closing JPA EntityManagerFactory for persistence unit 'default'
2025-10-23 23:50:39 INFO  [main] com.zaxxer.hikari.HikariDataSource - HikariPool-1 - Shutdown initiated...
2025-10-23 23:50:39 INFO  [main] com.zaxxer.hikari.HikariDataSource - HikariPool-1 - Shutdown completed.
2025-10-23 23:50:39 INFO  [main] o.a.catalina.core.StandardService - Stopping service [Tomcat]
2025-10-23 23:50:39 INFO  [main] o.s.b.a.l.ConditionEvaluationReportLogger - 

Error starting ApplicationContext. To display the condition evaluation report re-run your application with 'debug' enabled.
2025-10-23 23:50:39 ERROR [main] o.s.boot.SpringApplication - Application run failed
org.springframework.beans.factory.UnsatisfiedDependencyException: Error creating bean with name 'org.springframework.security.config.annotation.web.configuration.WebSecurityConfiguration': Unsatisfied dependency expressed through method 'setFilterChains' parameter 0: Error creating bean with name 'filterChain' defined in class path resource [dev/vortsu/configuration/SecurityConfig.class]: Failed to instantiate [org.springframework.security.web.SecurityFilterChain]: Factory method 'filterChain' threw exception with message: This object has already been built
	at org.springframework.beans.factory.annotation.AutowiredAnnotationBeanPostProcessor$AutowiredMethodElement.resolveMethodArguments(AutowiredAnnotationBeanPostProcessor.java:896)
	at org.springframework.beans.factory.annotation.AutowiredAnnotationBeanPostProcessor$AutowiredMethodElement.inject(AutowiredAnnotationBeanPostProcessor.java:849)
	at org.springframework.beans.factory.annotation.InjectionMetadata.inject(InjectionMetadata.java:146)
	at org.springframework.beans.factory.annotation.AutowiredAnnotationBeanPostProcessor.postProcessProperties(AutowiredAnnotationBeanPostProcessor.java:509)
	at org.springframework.beans.factory.support.AbstractAutowireCapableBeanFactory.populateBean(AbstractAutowireCapableBeanFactory.java:1459)
	at org.springframework.beans.factory.support.AbstractAutowireCapableBeanFactory.doCreateBean(AbstractAutowireCapableBeanFactory.java:606)
	at org.springframework.beans.factory.support.AbstractAutowireCapableBeanFactory.createBean(AbstractAutowireCapableBeanFactory.java:529)
	at org.springframework.beans.factory.support.AbstractBeanFactory.lambda$doGetBean$0(AbstractBeanFactory.java:339)
	at org.springframework.beans.factory.support.DefaultSingletonBeanRegistry.getSingleton(DefaultSingletonBeanRegistry.java:373)
	at org.springframework.beans.factory.support.AbstractBeanFactory.doGetBean(AbstractBeanFactory.java:337)
	at org.springframework.beans.factory.support.AbstractBeanFactory.getBean(AbstractBeanFactory.java:202)
	at org.springframework.beans.factory.support.DefaultListableBeanFactory.instantiateSingleton(DefaultListableBeanFactory.java:1222)
	at org.springframework.beans.factory.support.DefaultListableBeanFactory.preInstantiateSingleton(DefaultListableBeanFactory.java:1188)
	at org.springframework.beans.factory.support.DefaultListableBeanFactory.preInstantiateSingletons(DefaultListableBeanFactory.java:1123)
	at org.springframework.context.support.AbstractApplicationContext.finishBeanFactoryInitialization(AbstractApplicationContext.java:987)
	at org.springframework.context.support.AbstractApplicationContext.refresh(AbstractApplicationContext.java:627)
	at org.springframework.boot.web.servlet.context.ServletWebServerApplicationContext.refresh(ServletWebServerApplicationContext.java:146)
	at org.springframework.boot.SpringApplication.refresh(SpringApplication.java:752)
	at org.springframework.boot.SpringApplication.refreshContext(SpringApplication.java:439)
	at org.springframework.boot.SpringApplication.run(SpringApplication.java:318)
	at org.springframework.boot.SpringApplication.run(SpringApplication.java:1361)
	at org.springframework.boot.SpringApplication.run(SpringApplication.java:1350)
	at dev.vortsu.VortsuApplication.main(VortsuApplication.java:11)
Caused by: org.springframework.beans.factory.BeanCreationException: Error creating bean with name 'filterChain' defined in class path resource [dev/vortsu/configuration/SecurityConfig.class]: Failed to instantiate [org.springframework.security.web.SecurityFilterChain]: Factory method 'filterChain' threw exception with message: This object has already been built
	at org.springframework.beans.factory.support.ConstructorResolver.instantiate(ConstructorResolver.java:657)
	at org.springframework.beans.factory.support.ConstructorResolver.instantiateUsingFactoryMethod(ConstructorResolver.java:645)
	at org.springframework.beans.factory.support.AbstractAutowireCapableBeanFactory.instantiateUsingFactoryMethod(AbstractAutowireCapableBeanFactory.java:1375)
	at org.springframework.beans.factory.support.AbstractAutowireCapableBeanFactory.createBeanInstance(AbstractAutowireCapableBeanFactory.java:1205)
	at org.springframework.beans.factory.support.AbstractAutowireCapableBeanFactory.doCreateBean(AbstractAutowireCapableBeanFactory.java:569)
	at org.springframework.beans.factory.support.AbstractAutowireCapableBeanFactory.createBean(AbstractAutowireCapableBeanFactory.java:529)
	at org.springframework.beans.factory.support.AbstractBeanFactory.lambda$doGetBean$0(AbstractBeanFactory.java:339)
	at org.springframework.beans.factory.support.DefaultSingletonBeanRegistry.getSingleton(DefaultSingletonBeanRegistry.java:373)
	at org.springframework.beans.factory.support.AbstractBeanFactory.doGetBean(AbstractBeanFactory.java:337)
	at org.springframework.beans.factory.support.AbstractBeanFactory.getBean(AbstractBeanFactory.java:202)
	at org.springframework.beans.factory.config.DependencyDescriptor.resolveCandidate(DependencyDescriptor.java:254)
	at org.springframework.beans.factory.support.DefaultListableBeanFactory.addCandidateEntry(DefaultListableBeanFactory.java:1996)
	at org.springframework.beans.factory.support.DefaultListableBeanFactory.findAutowireCandidates(DefaultListableBeanFactory.java:1960)
	at org.springframework.beans.factory.support.DefaultListableBeanFactory.resolveMultipleBeanCollection(DefaultListableBeanFactory.java:1850)
	at org.springframework.beans.factory.support.DefaultListableBeanFactory.resolveMultipleBeans(DefaultListableBeanFactory.java:1818)
	at org.springframework.beans.factory.support.DefaultListableBeanFactory.doResolveDependency(DefaultListableBeanFactory.java:1694)
	at org.springframework.beans.factory.support.DefaultListableBeanFactory.resolveDependency(DefaultListableBeanFactory.java:1628)
	at org.springframework.beans.factory.annotation.AutowiredAnnotationBeanPostProcessor$AutowiredMethodElement.resolveMethodArguments(AutowiredAnnotationBeanPostProcessor.java:888)
	... 22 common frames omitted
Caused by: org.springframework.beans.BeanInstantiationException: Failed to instantiate [org.springframework.security.web.SecurityFilterChain]: Factory method 'filterChain' threw exception with message: This object has already been built
	at org.springframework.beans.factory.support.SimpleInstantiationStrategy.lambda$instantiate$0(SimpleInstantiationStrategy.java:199)
	at org.springframework.beans.factory.support.SimpleInstantiationStrategy.instantiateWithFactoryMethod(SimpleInstantiationStrategy.java:88)
	at org.springframework.beans.factory.support.SimpleInstantiationStrategy.instantiate(SimpleInstantiationStrategy.java:168)
	at org.springframework.beans.factory.support.ConstructorResolver.instantiate(ConstructorResolver.java:653)
	... 39 common frames omitted
Caused by: org.springframework.security.config.annotation.AlreadyBuiltException: This object has already been built
	at org.springframework.security.config.annotation.AbstractSecurityBuilder.build(AbstractSecurityBuilder.java:41)
	at dev.vortsu.configuration.SecurityConfig.filterChain(SecurityConfig.java:48)
	at dev.vortsu.configuration.SecurityConfig$$SpringCGLIB$$0.CGLIB$filterChain$1(<generated>)
	at dev.vortsu.configuration.SecurityConfig$$SpringCGLIB$$FastClass$$1.invoke(<generated>)
	at org.springframework.cglib.proxy.MethodProxy.invokeSuper(MethodProxy.java:258)
	at org.springframework.context.annotation.ConfigurationClassEnhancer$BeanMethodInterceptor.intercept(ConfigurationClassEnhancer.java:400)
	at dev.vortsu.configuration.SecurityConfig$$SpringCGLIB$$0.filterChain(<generated>)
	at java.base/jdk.internal.reflect.DirectMethodHandleAccessor.invoke(DirectMethodHandleAccessor.java:103)
	at java.base/java.lang.reflect.Method.invoke(Method.java:580)
	at org.springframework.beans.factory.support.SimpleInstantiationStrategy.lambda$instantiate$0(SimpleInstantiationStrategy.java:171)
	... 42 common frames omitted
2025-10-23 23:52:07 INFO  [background-preinit] o.h.validator.internal.util.Version - HV000001: Hibernate Validator 8.0.2.Final
2025-10-23 23:52:07 INFO  [main] dev.vortsu.VortsuApplication - Starting VortsuApplication using Java 21.0.8 with PID 15556 (C:\PROJECTS\java\javaServer\vortsu\build\classes\java\main started by DORIXID in C:\PROJECTS\java\javaServer)
2025-10-23 23:52:07 INFO  [main] dev.vortsu.VortsuApplication - No active profile set, falling back to 1 default profile: "default"
2025-10-23 23:52:08 INFO  [main] o.s.d.r.c.RepositoryConfigurationDelegate - Bootstrapping Spring Data JPA repositories in DEFAULT mode.
2025-10-23 23:52:08 INFO  [main] o.s.d.r.c.RepositoryConfigurationDelegate - Finished Spring Data repository scanning in 36 ms. Found 2 JPA repository interfaces.
2025-10-23 23:52:08 INFO  [main] o.s.b.w.e.tomcat.TomcatWebServer - Tomcat initialized with port 8080 (http)
2025-10-23 23:52:08 INFO  [main] o.a.coyote.http11.Http11NioProtocol - Initializing ProtocolHandler ["http-nio-8080"]
2025-10-23 23:52:08 INFO  [main] o.a.catalina.core.StandardService - Starting service [Tomcat]
2025-10-23 23:52:08 INFO  [main] o.a.catalina.core.StandardEngine - Starting Servlet engine: [Apache Tomcat/10.1.42]
2025-10-23 23:52:08 INFO  [main] o.a.c.c.C.[Tomcat].[localhost].[/] - Initializing Spring embedded WebApplicationContext
2025-10-23 23:52:08 INFO  [main] o.s.b.w.s.c.ServletWebServerApplicationContext - Root WebApplicationContext: initialization completed in 922 ms
2025-10-23 23:52:08 INFO  [main] o.h.jpa.internal.util.LogHelper - HHH000204: Processing PersistenceUnitInfo [name: default]
2025-10-23 23:52:08 INFO  [main] org.hibernate.Version - HHH000412: Hibernate ORM core version 6.6.18.Final
2025-10-23 23:52:08 INFO  [main] o.h.c.i.RegionFactoryInitiator - HHH000026: Second-level cache disabled
2025-10-23 23:52:09 INFO  [main] o.s.o.j.p.SpringPersistenceUnitInfo - No LoadTimeWeaver setup: ignoring JPA class transformer
2025-10-23 23:52:09 INFO  [main] com.zaxxer.hikari.HikariDataSource - HikariPool-1 - Starting...
2025-10-23 23:52:09 INFO  [main] com.zaxxer.hikari.pool.HikariPool - HikariPool-1 - Added connection org.postgresql.jdbc.PgConnection@5950054d
2025-10-23 23:52:09 INFO  [main] com.zaxxer.hikari.HikariDataSource - HikariPool-1 - Start completed.
2025-10-23 23:52:09 INFO  [main] o.hibernate.orm.connections.pooling - HHH10001005: Database info:
	Database JDBC URL [Connecting through datasource 'HikariDataSource (HikariPool-1)']
	Database driver: undefined/unknown
	Database version: 15.13
	Autocommit mode: undefined/unknown
	Isolation level: undefined/unknown
	Minimum pool size: undefined/unknown
	Maximum pool size: undefined/unknown
2025-10-23 23:52:10 INFO  [main] o.h.e.t.j.p.i.JtaPlatformInitiator - HHH000489: No JTA platform available (set 'hibernate.transaction.jta.platform' to enable JTA platform integration)
2025-10-23 23:52:10 DEBUG [main] org.hibernate.SQL - set client_min_messages = WARNING
2025-10-23 23:52:10 DEBUG [main] org.hibernate.SQL - alter table if exists students drop constraint if exists FKdt1cjx5ve5bdabmuuf3ibrwaq
2025-10-23 23:52:10 DEBUG [main] org.hibernate.SQL - alter table if exists users drop constraint if exists FK8b9ebmptosmrxe2jbgytxbav6
2025-10-23 23:52:10 DEBUG [main] org.hibernate.SQL - drop table if exists passwords cascade
2025-10-23 23:52:10 DEBUG [main] org.hibernate.SQL - drop table if exists students cascade
2025-10-23 23:52:10 DEBUG [main] org.hibernate.SQL - drop table if exists users cascade
2025-10-23 23:52:10 DEBUG [main] org.hibernate.SQL - drop sequence if exists passwords_seq
2025-10-23 23:52:10 DEBUG [main] org.hibernate.SQL - drop sequence if exists students_seq
2025-10-23 23:52:10 DEBUG [main] org.hibernate.SQL - drop sequence if exists users_seq
2025-10-23 23:52:10 DEBUG [main] org.hibernate.SQL - create sequence passwords_seq start with 1 increment by 50
2025-10-23 23:52:10 DEBUG [main] org.hibernate.SQL - create sequence students_seq start with 1 increment by 50
2025-10-23 23:52:10 DEBUG [main] org.hibernate.SQL - create sequence users_seq start with 1 increment by 50
2025-10-23 23:52:10 DEBUG [main] org.hibernate.SQL - create table passwords (id bigint not null, password varchar(255), primary key (id))
2025-10-23 23:52:10 DEBUG [main] org.hibernate.SQL - create table students (age integer, id bigint not null, user_id bigint not null unique, name varchar(255), surname varchar(255), primary key (id))
2025-10-23 23:52:10 DEBUG [main] org.hibernate.SQL - create table users (enabled boolean not null, id bigint not null, password_id bigint not null unique, role varchar(255) check (role in ('STUDENT','ADMIN','TEACHER')), user_name varchar(255) not null unique, primary key (id))
2025-10-23 23:52:10 DEBUG [main] org.hibernate.SQL - alter table if exists students add constraint FKdt1cjx5ve5bdabmuuf3ibrwaq foreign key (user_id) references users
2025-10-23 23:52:10 DEBUG [main] org.hibernate.SQL - alter table if exists users add constraint FK8b9ebmptosmrxe2jbgytxbav6 foreign key (password_id) references passwords
2025-10-23 23:52:10 INFO  [main] o.s.o.j.LocalContainerEntityManagerFactoryBean - Initialized JPA EntityManagerFactory for persistence unit 'default'
2025-10-23 23:52:10 INFO  [main] o.s.d.j.r.query.QueryEnhancerFactory - Hibernate is in classpath; If applicable, HQL parser will be used.
2025-10-23 23:52:10 WARN  [main] o.s.b.a.o.j.JpaBaseConfiguration$JpaWebConfiguration - spring.jpa.open-in-view is enabled by default. Therefore, database queries may be performed during view rendering. Explicitly configure spring.jpa.open-in-view to disable this warning
2025-10-23 23:52:11 WARN  [main] o.s.s.c.a.a.c.InitializeUserDetailsBeanManagerConfigurer$InitializeUserDetailsManagerConfigurer - Found 2 UserDetailsService beans, with names [jwtUserDetailsService, userDetailsService]. Global Authentication Manager will not use a UserDetailsService for username/password login. Consider publishing a single UserDetailsService bean.
2025-10-23 23:52:11 INFO  [main] o.s.s.p.JdbcUserDetailsManager - No authentication manager set. Reauthentication of users when changing passwords will not be performed.
2025-10-23 23:52:11 INFO  [main] o.a.coyote.http11.Http11NioProtocol - Starting ProtocolHandler ["http-nio-8080"]
2025-10-23 23:52:11 INFO  [main] o.s.b.w.e.tomcat.TomcatWebServer - Tomcat started on port 8080 (http) with context path '/'
2025-10-23 23:52:11 INFO  [main] dev.vortsu.VortsuApplication - Started VortsuApplication in 3.996 seconds (process running for 4.374)
2025-10-23 23:52:11 DEBUG [main] org.hibernate.SQL - select count(*) from users ue1_0
2025-10-23 23:52:11 DEBUG [main] org.hibernate.SQL - select nextval('users_seq')
2025-10-23 23:52:11 DEBUG [main] org.hibernate.SQL - select nextval('passwords_seq')
2025-10-23 23:52:11 DEBUG [main] org.hibernate.SQL - select nextval('students_seq')
2025-10-23 23:52:11 DEBUG [main] org.hibernate.SQL - select nextval('users_seq')
2025-10-23 23:52:11 DEBUG [main] org.hibernate.SQL - select nextval('passwords_seq')
2025-10-23 23:52:11 DEBUG [main] org.hibernate.SQL - select nextval('students_seq')
2025-10-23 23:52:12 DEBUG [main] org.hibernate.SQL - insert into passwords (password,id) values (?,?)
2025-10-23 23:52:12 DEBUG [main] org.hibernate.SQL - insert into users (enabled,password_id,role,user_name,id) values (?,?,?,?,?)
2025-10-23 23:52:12 DEBUG [main] org.hibernate.SQL - insert into students (age,name,surname,user_id,id) values (?,?,?,?,?)
2025-10-23 23:52:12 DEBUG [main] org.hibernate.SQL - insert into passwords (password,id) values (?,?)
2025-10-23 23:52:12 DEBUG [main] org.hibernate.SQL - insert into users (enabled,password_id,role,user_name,id) values (?,?,?,?,?)
2025-10-23 23:52:12 DEBUG [main] org.hibernate.SQL - insert into students (age,name,surname,user_id,id) values (?,?,?,?,?)
2025-10-23 23:52:12 DEBUG [main] org.hibernate.SQL - insert into passwords (password,id) values (?,?)
2025-10-23 23:52:12 DEBUG [main] org.hibernate.SQL - insert into users (enabled,password_id,role,user_name,id) values (?,?,?,?,?)
2025-10-23 23:52:12 DEBUG [main] org.hibernate.SQL - insert into students (age,name,surname,user_id,id) values (?,?,?,?,?)
2025-10-23 23:52:12 DEBUG [main] org.hibernate.SQL - insert into passwords (password,id) values (?,?)
2025-10-23 23:52:12 DEBUG [main] org.hibernate.SQL - insert into users (enabled,password_id,role,user_name,id) values (?,?,?,?,?)
2025-10-23 23:52:12 DEBUG [main] org.hibernate.SQL - insert into students (age,name,surname,user_id,id) values (?,?,?,?,?)
2025-10-23 23:52:12 DEBUG [main] org.hibernate.SQL - insert into passwords (password,id) values (?,?)
2025-10-23 23:52:12 DEBUG [main] org.hibernate.SQL - insert into users (enabled,password_id,role,user_name,id) values (?,?,?,?,?)
2025-10-23 23:52:12 DEBUG [main] org.hibernate.SQL - insert into students (age,name,surname,user_id,id) values (?,?,?,?,?)
2025-10-23 23:52:12 DEBUG [main] org.hibernate.SQL - insert into passwords (password,id) values (?,?)
2025-10-23 23:52:12 DEBUG [main] org.hibernate.SQL - insert into users (enabled,password_id,role,user_name,id) values (?,?,?,?,?)
2025-10-23 23:52:12 DEBUG [main] org.hibernate.SQL - insert into students (age,name,surname,user_id,id) values (?,?,?,?,?)
2025-10-23 23:52:12 DEBUG [main] org.hibernate.SQL - insert into passwords (password,id) values (?,?)
2025-10-23 23:52:12 DEBUG [main] org.hibernate.SQL - insert into users (enabled,password_id,role,user_name,id) values (?,?,?,?,?)
2025-10-23 23:52:12 DEBUG [main] org.hibernate.SQL - insert into students (age,name,surname,user_id,id) values (?,?,?,?,?)
2025-10-23 23:52:12 DEBUG [main] org.hibernate.SQL - insert into passwords (password,id) values (?,?)
2025-10-23 23:52:12 DEBUG [main] org.hibernate.SQL - insert into users (enabled,password_id,role,user_name,id) values (?,?,?,?,?)
2025-10-23 23:52:12 DEBUG [main] org.hibernate.SQL - insert into students (age,name,surname,user_id,id) values (?,?,?,?,?)
2025-10-23 23:52:12 DEBUG [main] org.hibernate.SQL - insert into passwords (password,id) values (?,?)
2025-10-23 23:52:12 DEBUG [main] org.hibernate.SQL - insert into users (enabled,password_id,role,user_name,id) values (?,?,?,?,?)
2025-10-23 23:52:12 DEBUG [main] org.hibernate.SQL - insert into students (age,name,surname,user_id,id) values (?,?,?,?,?)
2025-10-23 23:52:12 DEBUG [main] org.hibernate.SQL - insert into passwords (password,id) values (?,?)
2025-10-23 23:52:12 DEBUG [main] org.hibernate.SQL - insert into users (enabled,password_id,role,user_name,id) values (?,?,?,?,?)
2025-10-23 23:52:12 DEBUG [main] org.hibernate.SQL - insert into students (age,name,surname,user_id,id) values (?,?,?,?,?)
2025-10-23 23:52:12 DEBUG [main] org.hibernate.SQL - insert into passwords (password,id) values (?,?)
2025-10-23 23:52:12 DEBUG [main] org.hibernate.SQL - insert into users (enabled,password_id,role,user_name,id) values (?,?,?,?,?)
2025-10-23 23:52:12 DEBUG [main] org.hibernate.SQL - insert into students (age,name,surname,user_id,id) values (?,?,?,?,?)
2025-10-23 23:52:12 DEBUG [main] org.hibernate.SQL - insert into passwords (password,id) values (?,?)
2025-10-23 23:52:12 DEBUG [main] org.hibernate.SQL - insert into users (enabled,password_id,role,user_name,id) values (?,?,?,?,?)
2025-10-23 23:52:12 DEBUG [main] org.hibernate.SQL - insert into students (age,name,surname,user_id,id) values (?,?,?,?,?)
2025-10-23 23:52:12 DEBUG [main] org.hibernate.SQL - insert into passwords (password,id) values (?,?)
2025-10-23 23:52:12 DEBUG [main] org.hibernate.SQL - insert into users (enabled,password_id,role,user_name,id) values (?,?,?,?,?)
2025-10-23 23:52:12 DEBUG [main] org.hibernate.SQL - insert into students (age,name,surname,user_id,id) values (?,?,?,?,?)
2025-10-23 23:52:12 DEBUG [main] org.hibernate.SQL - insert into passwords (password,id) values (?,?)
2025-10-23 23:52:12 DEBUG [main] org.hibernate.SQL - insert into users (enabled,password_id,role,user_name,id) values (?,?,?,?,?)
2025-10-23 23:52:12 DEBUG [main] org.hibernate.SQL - insert into students (age,name,surname,user_id,id) values (?,?,?,?,?)
2025-10-23 23:52:12 DEBUG [main] org.hibernate.SQL - insert into passwords (password,id) values (?,?)
2025-10-23 23:52:12 DEBUG [main] org.hibernate.SQL - insert into users (enabled,password_id,role,user_name,id) values (?,?,?,?,?)
2025-10-23 23:52:12 DEBUG [main] org.hibernate.SQL - insert into students (age,name,surname,user_id,id) values (?,?,?,?,?)
2025-10-23 23:52:12 DEBUG [main] org.hibernate.SQL - insert into passwords (password,id) values (?,?)
2025-10-23 23:52:12 DEBUG [main] org.hibernate.SQL - insert into users (enabled,password_id,role,user_name,id) values (?,?,?,?,?)
2025-10-23 23:52:12 DEBUG [main] org.hibernate.SQL - insert into students (age,name,surname,user_id,id) values (?,?,?,?,?)
2025-10-23 23:52:12 DEBUG [main] org.hibernate.SQL - insert into passwords (password,id) values (?,?)
2025-10-23 23:52:12 DEBUG [main] org.hibernate.SQL - insert into users (enabled,password_id,role,user_name,id) values (?,?,?,?,?)
2025-10-23 23:52:12 DEBUG [main] org.hibernate.SQL - insert into students (age,name,surname,user_id,id) values (?,?,?,?,?)
2025-10-23 23:52:12 DEBUG [main] org.hibernate.SQL - insert into passwords (password,id) values (?,?)
2025-10-23 23:52:12 DEBUG [main] org.hibernate.SQL - insert into users (enabled,password_id,role,user_name,id) values (?,?,?,?,?)
2025-10-23 23:52:12 DEBUG [main] org.hibernate.SQL - insert into students (age,name,surname,user_id,id) values (?,?,?,?,?)
2025-10-23 23:52:12 DEBUG [main] org.hibernate.SQL - insert into passwords (password,id) values (?,?)
2025-10-23 23:52:12 DEBUG [main] org.hibernate.SQL - insert into users (enabled,password_id,role,user_name,id) values (?,?,?,?,?)
2025-10-23 23:52:12 DEBUG [main] org.hibernate.SQL - insert into students (age,name,surname,user_id,id) values (?,?,?,?,?)
2025-10-23 23:52:12 DEBUG [main] org.hibernate.SQL - insert into passwords (password,id) values (?,?)
2025-10-23 23:52:12 DEBUG [main] org.hibernate.SQL - insert into users (enabled,password_id,role,user_name,id) values (?,?,?,?,?)
2025-10-23 23:52:12 DEBUG [main] org.hibernate.SQL - insert into students (age,name,surname,user_id,id) values (?,?,?,?,?)
2025-10-23 23:52:12 DEBUG [main] org.hibernate.SQL - insert into passwords (password,id) values (?,?)
2025-10-23 23:52:12 DEBUG [main] org.hibernate.SQL - insert into users (enabled,password_id,role,user_name,id) values (?,?,?,?,?)
2025-10-23 23:52:12 DEBUG [main] org.hibernate.SQL - insert into passwords (password,id) values (?,?)
2025-10-23 23:52:12 DEBUG [main] org.hibernate.SQL - insert into users (enabled,password_id,role,user_name,id) values (?,?,?,?,?)
2025-10-23 23:55:22 INFO  [http-nio-8080-exec-1] o.a.c.c.C.[Tomcat].[localhost].[/] - Initializing Spring DispatcherServlet 'dispatcherServlet'
2025-10-23 23:55:22 INFO  [http-nio-8080-exec-1] o.s.web.servlet.DispatcherServlet - Initializing Servlet 'dispatcherServlet'
2025-10-23 23:55:22 INFO  [http-nio-8080-exec-1] o.s.web.servlet.DispatcherServlet - Completed initialization in 1 ms
